10 Mar 2025 17:08:32,245 INFO  ro.mpp2024.CarsDBRepository 18 <init> - Initializing CarsDBRepository with properties: {jdbc.url=jdbc:sqllite:/Users/ungur/OneDrive/Desktop/facultate_materiale/AN_2/SEM_2/mpp/activitate lab/tema1/act_lab3/cars.db} 
10 Mar 2025 17:08:32,253 TRACE ro.mpp2024.CarsDBRepository 76 add - Enter saving task Id=0 Tesla Model S 2019
10 Mar 2025 17:08:32,253 TRACE ro.mpp2024.JdbcUtils 47 getConnection - Enter
10 Mar 2025 17:08:32,253 TRACE ro.mpp2024.JdbcUtils 24 getNewConnection - Enter
10 Mar 2025 17:08:32,253 INFO  ro.mpp2024.JdbcUtils 29 getNewConnection - trying to connect to database ... jdbc:sqllite:/Users/ungur/OneDrive/Desktop/facultate_materiale/AN_2/SEM_2/mpp/activitate lab/tema1/act_lab3/cars.db
10 Mar 2025 17:08:32,255 INFO  ro.mpp2024.JdbcUtils 30 getNewConnection - user: null
10 Mar 2025 17:08:32,255 INFO  ro.mpp2024.JdbcUtils 31 getNewConnection - pass: null
10 Mar 2025 17:08:32,276 ERROR ro.mpp2024.JdbcUtils 40 getNewConnection - java.sql.SQLException: No suitable driver found for jdbc:sqllite:/Users/ungur/OneDrive/Desktop/facultate_materiale/AN_2/SEM_2/mpp/activitate lab/tema1/act_lab3/cars.db
10 Mar 2025 17:08:32,277 TRACE ro.mpp2024.JdbcUtils 56 getConnection - Exit
10 Mar 2025 17:08:41,169 INFO  ro.mpp2024.CarsDBRepository 18 <init> - Initializing CarsDBRepository with properties: {jdbc.url=jdbc:sqllite:/Users/ungur/OneDrive/Desktop/facultate_materiale/AN_2/SEM_2/mpp/activitate lab/tema1/act_lab3/cars.db} 
10 Mar 2025 17:08:41,181 TRACE ro.mpp2024.CarsDBRepository 76 add - Enter saving task Id=0 Tesla Model S 2019
10 Mar 2025 17:08:41,182 TRACE ro.mpp2024.JdbcUtils 47 getConnection - Enter
10 Mar 2025 17:08:41,182 TRACE ro.mpp2024.JdbcUtils 24 getNewConnection - Enter
10 Mar 2025 17:08:41,182 INFO  ro.mpp2024.JdbcUtils 29 getNewConnection - trying to connect to database ... jdbc:sqllite:/Users/ungur/OneDrive/Desktop/facultate_materiale/AN_2/SEM_2/mpp/activitate lab/tema1/act_lab3/cars.db
10 Mar 2025 17:08:41,182 INFO  ro.mpp2024.JdbcUtils 30 getNewConnection - user: null
10 Mar 2025 17:08:41,183 INFO  ro.mpp2024.JdbcUtils 31 getNewConnection - pass: null
10 Mar 2025 17:08:41,190 ERROR ro.mpp2024.JdbcUtils 40 getNewConnection - java.sql.SQLException: No suitable driver found for jdbc:sqllite:/Users/ungur/OneDrive/Desktop/facultate_materiale/AN_2/SEM_2/mpp/activitate lab/tema1/act_lab3/cars.db
10 Mar 2025 17:08:41,190 TRACE ro.mpp2024.JdbcUtils 56 getConnection - Exit
10 Mar 2025 17:08:45,611 INFO  ro.mpp2024.CarsDBRepository 18 <init> - Initializing CarsDBRepository with properties: {jdbc.url=jdbc:sqllite:/Users/ungur/OneDrive/Desktop/facultate_materiale/AN_2/SEM_2/mpp/activitate lab/tema1/act_lab3/cars.db} 
10 Mar 2025 17:08:45,621 TRACE ro.mpp2024.CarsDBRepository 76 add - Enter saving task Id=0 Tesla Model S 2019
10 Mar 2025 17:08:45,621 TRACE ro.mpp2024.JdbcUtils 47 getConnection - Enter
10 Mar 2025 17:08:45,621 TRACE ro.mpp2024.JdbcUtils 24 getNewConnection - Enter
10 Mar 2025 17:08:45,621 INFO  ro.mpp2024.JdbcUtils 29 getNewConnection - trying to connect to database ... jdbc:sqllite:/Users/ungur/OneDrive/Desktop/facultate_materiale/AN_2/SEM_2/mpp/activitate lab/tema1/act_lab3/cars.db
10 Mar 2025 17:08:45,622 INFO  ro.mpp2024.JdbcUtils 30 getNewConnection - user: null
10 Mar 2025 17:08:45,622 INFO  ro.mpp2024.JdbcUtils 31 getNewConnection - pass: null
10 Mar 2025 17:08:45,629 ERROR ro.mpp2024.JdbcUtils 40 getNewConnection - java.sql.SQLException: No suitable driver found for jdbc:sqllite:/Users/ungur/OneDrive/Desktop/facultate_materiale/AN_2/SEM_2/mpp/activitate lab/tema1/act_lab3/cars.db
10 Mar 2025 17:08:45,630 TRACE ro.mpp2024.JdbcUtils 56 getConnection - Exit
10 Mar 2025 17:11:00,068 INFO  ro.mpp2024.CarsDBRepository 18 <init> - Initializing CarsDBRepository with properties: {jdbc.url=jdbc:sqllite:/Users/ungur/OneDrive/Desktop/facultate_materiale/AN_2/SEM_2/mpp/activitate lab/tema1/act_lab3/cars.db} 
10 Mar 2025 17:11:00,076 TRACE ro.mpp2024.CarsDBRepository 76 add - Enter saving task Id=0 Tesla Model S 2019
10 Mar 2025 17:11:00,077 TRACE ro.mpp2024.JdbcUtils 47 getConnection - Enter
10 Mar 2025 17:11:00,077 TRACE ro.mpp2024.JdbcUtils 24 getNewConnection - Enter
10 Mar 2025 17:11:00,077 INFO  ro.mpp2024.JdbcUtils 29 getNewConnection - trying to connect to database ... jdbc:sqllite:/Users/ungur/OneDrive/Desktop/facultate_materiale/AN_2/SEM_2/mpp/activitate lab/tema1/act_lab3/cars.db
10 Mar 2025 17:11:00,077 INFO  ro.mpp2024.JdbcUtils 30 getNewConnection - user: null
10 Mar 2025 17:11:00,077 INFO  ro.mpp2024.JdbcUtils 31 getNewConnection - pass: null
10 Mar 2025 17:11:00,085 ERROR ro.mpp2024.JdbcUtils 40 getNewConnection - java.sql.SQLException: No suitable driver found for jdbc:sqllite:/Users/ungur/OneDrive/Desktop/facultate_materiale/AN_2/SEM_2/mpp/activitate lab/tema1/act_lab3/cars.db
10 Mar 2025 17:11:00,086 TRACE ro.mpp2024.JdbcUtils 56 getConnection - Exit
10 Mar 2025 17:12:30,420 INFO  ro.mpp2024.CarsDBRepository 18 <init> - Initializing CarsDBRepository with properties: {jdbc.url=jdbc:sqllite:/Users/ungur/OneDrive/Desktop/facultate_materiale/AN_2/SEM_2/mpp/activitate lab/tema1/act_lab3/cars.db} 
10 Mar 2025 17:12:30,428 TRACE ro.mpp2024.CarsDBRepository 76 add - Enter saving task Id=0 Tesla Model S 2019
10 Mar 2025 17:12:30,428 TRACE ro.mpp2024.JdbcUtils 47 getConnection - Enter
10 Mar 2025 17:12:30,428 TRACE ro.mpp2024.JdbcUtils 24 getNewConnection - Enter
10 Mar 2025 17:12:30,428 INFO  ro.mpp2024.JdbcUtils 29 getNewConnection - trying to connect to database ... jdbc:sqllite:/Users/ungur/OneDrive/Desktop/facultate_materiale/AN_2/SEM_2/mpp/activitate lab/tema1/act_lab3/cars.db
10 Mar 2025 17:12:30,429 INFO  ro.mpp2024.JdbcUtils 30 getNewConnection - user: null
10 Mar 2025 17:12:30,429 INFO  ro.mpp2024.JdbcUtils 31 getNewConnection - pass: null
10 Mar 2025 17:12:30,436 ERROR ro.mpp2024.JdbcUtils 40 getNewConnection - java.sql.SQLException: No suitable driver found for jdbc:sqllite:/Users/ungur/OneDrive/Desktop/facultate_materiale/AN_2/SEM_2/mpp/activitate lab/tema1/act_lab3/cars.db
10 Mar 2025 17:12:30,436 TRACE ro.mpp2024.JdbcUtils 56 getConnection - Exit
10 Mar 2025 17:12:39,134 INFO  ro.mpp2024.CarsDBRepository 18 <init> - Initializing CarsDBRepository with properties: {jdbc.url=jdbc:sqllite:/Users/ungur/OneDrive/Desktop/facultate_materiale/AN_2/SEM_2/mpp/activitate lab/tema1/act_lab3/cars.db} 
10 Mar 2025 17:12:39,143 TRACE ro.mpp2024.CarsDBRepository 76 add - Enter saving task Id=0 Tesla Model S 2019
10 Mar 2025 17:12:39,143 TRACE ro.mpp2024.JdbcUtils 47 getConnection - Enter
10 Mar 2025 17:12:39,143 TRACE ro.mpp2024.JdbcUtils 24 getNewConnection - Enter
10 Mar 2025 17:12:39,143 INFO  ro.mpp2024.JdbcUtils 29 getNewConnection - trying to connect to database ... jdbc:sqllite:/Users/ungur/OneDrive/Desktop/facultate_materiale/AN_2/SEM_2/mpp/activitate lab/tema1/act_lab3/cars.db
10 Mar 2025 17:12:39,144 INFO  ro.mpp2024.JdbcUtils 30 getNewConnection - user: null
10 Mar 2025 17:12:39,144 INFO  ro.mpp2024.JdbcUtils 31 getNewConnection - pass: null
10 Mar 2025 17:12:39,151 ERROR ro.mpp2024.JdbcUtils 40 getNewConnection - java.sql.SQLException: No suitable driver found for jdbc:sqllite:/Users/ungur/OneDrive/Desktop/facultate_materiale/AN_2/SEM_2/mpp/activitate lab/tema1/act_lab3/cars.db
10 Mar 2025 17:12:39,151 TRACE ro.mpp2024.JdbcUtils 56 getConnection - Exit
10 Mar 2025 17:15:09,255 INFO  ro.mpp2024.CarsDBRepository 18 <init> - Initializing CarsDBRepository with properties: {} 
10 Mar 2025 17:15:09,264 TRACE ro.mpp2024.CarsDBRepository 76 add - Enter saving task Id=0 Tesla Model S 2019
10 Mar 2025 17:15:09,265 TRACE ro.mpp2024.JdbcUtils 47 getConnection - Enter
10 Mar 2025 17:15:09,265 TRACE ro.mpp2024.JdbcUtils 24 getNewConnection - Enter
10 Mar 2025 17:15:09,265 INFO  ro.mpp2024.JdbcUtils 29 getNewConnection - trying to connect to database ... null
10 Mar 2025 17:15:09,266 INFO  ro.mpp2024.JdbcUtils 30 getNewConnection - user: null
10 Mar 2025 17:15:09,266 INFO  ro.mpp2024.JdbcUtils 31 getNewConnection - pass: null
10 Mar 2025 17:15:09,268 ERROR ro.mpp2024.JdbcUtils 40 getNewConnection - java.sql.SQLException: The url cannot be null
10 Mar 2025 17:15:09,269 TRACE ro.mpp2024.JdbcUtils 56 getConnection - Exit
10 Mar 2025 17:18:22,262 INFO  ro.mpp2024.CarsDBRepository 18 <init> - Initializing CarsDBRepository with properties: {} 
10 Mar 2025 17:18:22,272 TRACE ro.mpp2024.CarsDBRepository 76 add - Enter saving task Id=0 Tesla Model S 2019
10 Mar 2025 17:18:22,272 TRACE ro.mpp2024.JdbcUtils 47 getConnection - Enter
10 Mar 2025 17:18:22,273 TRACE ro.mpp2024.JdbcUtils 24 getNewConnection - Enter
10 Mar 2025 17:18:22,273 INFO  ro.mpp2024.JdbcUtils 29 getNewConnection - trying to connect to database ... null
10 Mar 2025 17:18:22,273 INFO  ro.mpp2024.JdbcUtils 30 getNewConnection - user: null
10 Mar 2025 17:18:22,273 INFO  ro.mpp2024.JdbcUtils 31 getNewConnection - pass: null
10 Mar 2025 17:18:22,273 ERROR ro.mpp2024.JdbcUtils 40 getNewConnection - java.sql.SQLException: The url cannot be null
10 Mar 2025 17:18:22,275 TRACE ro.mpp2024.JdbcUtils 56 getConnection - Exit
10 Mar 2025 17:19:52,901 INFO  ro.mpp2024.CarsDBRepository 18 <init> - Initializing CarsDBRepository with properties: {} 
10 Mar 2025 17:19:52,914 TRACE ro.mpp2024.CarsDBRepository 76 add - Enter saving task Id=0 Tesla Model S 2019
10 Mar 2025 17:19:52,914 TRACE ro.mpp2024.JdbcUtils 47 getConnection - Enter
10 Mar 2025 17:19:52,915 TRACE ro.mpp2024.JdbcUtils 24 getNewConnection - Enter
10 Mar 2025 17:19:52,915 INFO  ro.mpp2024.JdbcUtils 29 getNewConnection - trying to connect to database ... null
10 Mar 2025 17:19:52,915 INFO  ro.mpp2024.JdbcUtils 30 getNewConnection - user: null
10 Mar 2025 17:19:52,915 INFO  ro.mpp2024.JdbcUtils 31 getNewConnection - pass: null
10 Mar 2025 17:19:52,916 ERROR ro.mpp2024.JdbcUtils 40 getNewConnection - java.sql.SQLException: The url cannot be null
10 Mar 2025 17:19:52,917 TRACE ro.mpp2024.JdbcUtils 56 getConnection - Exit
10 Mar 2025 17:20:58,627 INFO  ro.mpp2024.CarsDBRepository 18 <init> - Initializing CarsDBRepository with properties: {} 
10 Mar 2025 17:20:58,635 TRACE ro.mpp2024.CarsDBRepository 76 add - Enter saving task Id=0 Tesla Model S 2019
10 Mar 2025 17:20:58,635 TRACE ro.mpp2024.JdbcUtils 47 getConnection - Enter
10 Mar 2025 17:20:58,635 TRACE ro.mpp2024.JdbcUtils 24 getNewConnection - Enter
10 Mar 2025 17:20:58,636 INFO  ro.mpp2024.JdbcUtils 29 getNewConnection - trying to connect to database ... null
10 Mar 2025 17:20:58,636 INFO  ro.mpp2024.JdbcUtils 30 getNewConnection - user: null
10 Mar 2025 17:20:58,636 INFO  ro.mpp2024.JdbcUtils 31 getNewConnection - pass: null
10 Mar 2025 17:20:58,637 ERROR ro.mpp2024.JdbcUtils 40 getNewConnection - java.sql.SQLException: The url cannot be null
10 Mar 2025 17:20:58,638 TRACE ro.mpp2024.JdbcUtils 56 getConnection - Exit
10 Mar 2025 17:27:37,623 INFO  ro.mpp2024.CarsDBRepository 18 <init> - Initializing CarsDBRepository with properties: {} 
10 Mar 2025 17:27:37,631 TRACE ro.mpp2024.CarsDBRepository 76 add - Enter Adding a car Id=0 Tesla Model S 2019
10 Mar 2025 17:27:37,631 TRACE ro.mpp2024.JdbcUtils 47 getConnection - Enter
10 Mar 2025 17:27:37,632 TRACE ro.mpp2024.JdbcUtils 24 getNewConnection - Enter
10 Mar 2025 17:27:37,632 INFO  ro.mpp2024.JdbcUtils 29 getNewConnection - trying to connect to database ... null
10 Mar 2025 17:27:37,632 INFO  ro.mpp2024.JdbcUtils 30 getNewConnection - user: null
10 Mar 2025 17:27:37,632 INFO  ro.mpp2024.JdbcUtils 31 getNewConnection - pass: null
10 Mar 2025 17:27:37,633 ERROR ro.mpp2024.JdbcUtils 40 getNewConnection - java.sql.SQLException: The url cannot be null
10 Mar 2025 17:27:37,634 TRACE ro.mpp2024.JdbcUtils 56 getConnection - Exit
10 Mar 2025 17:30:19,386 INFO  ro.mpp2024.CarsDBRepository 18 <init> - Initializing CarsDBRepository with properties: {} 
10 Mar 2025 17:30:19,396 TRACE ro.mpp2024.CarsDBRepository 76 add - Enter Adding a car Id=0 Tesla Model S 2019
10 Mar 2025 17:30:19,396 TRACE ro.mpp2024.JdbcUtils 47 getConnection - Enter
10 Mar 2025 17:30:19,396 TRACE ro.mpp2024.JdbcUtils 24 getNewConnection - Enter
10 Mar 2025 17:30:19,396 INFO  ro.mpp2024.JdbcUtils 29 getNewConnection - trying to connect to database ... null
10 Mar 2025 17:30:19,397 INFO  ro.mpp2024.JdbcUtils 30 getNewConnection - user: null
10 Mar 2025 17:30:19,397 INFO  ro.mpp2024.JdbcUtils 31 getNewConnection - pass: null
10 Mar 2025 17:30:19,398 ERROR ro.mpp2024.JdbcUtils 40 getNewConnection - java.sql.SQLException: The url cannot be null
10 Mar 2025 17:30:19,398 TRACE ro.mpp2024.JdbcUtils 56 getConnection - Exit
10 Mar 2025 17:34:35,575 INFO  ro.mpp2024.CarsDBRepository 18 <init> - Initializing CarsDBRepository with properties: {} 
10 Mar 2025 17:34:35,584 TRACE ro.mpp2024.CarsDBRepository 76 add - Enter Adding a car Id=0 Tesla Model S 2019
10 Mar 2025 17:34:35,584 TRACE ro.mpp2024.JdbcUtils 47 getConnection - Enter
10 Mar 2025 17:34:35,585 TRACE ro.mpp2024.JdbcUtils 24 getNewConnection - Enter
10 Mar 2025 17:34:35,585 INFO  ro.mpp2024.JdbcUtils 29 getNewConnection - trying to connect to database ... null
10 Mar 2025 17:34:35,585 INFO  ro.mpp2024.JdbcUtils 30 getNewConnection - user: null
10 Mar 2025 17:34:35,585 INFO  ro.mpp2024.JdbcUtils 31 getNewConnection - pass: null
10 Mar 2025 17:34:35,586 ERROR ro.mpp2024.JdbcUtils 40 getNewConnection - java.sql.SQLException: The url cannot be null
10 Mar 2025 17:34:35,587 TRACE ro.mpp2024.JdbcUtils 56 getConnection - Exit
10 Mar 2025 17:37:51,697 INFO  ro.mpp2024.CarsDBRepository 18 <init> - Initializing CarsDBRepository with properties: {} 
10 Mar 2025 17:37:51,706 TRACE ro.mpp2024.CarsDBRepository 76 add - Enter Adding a car Id=0 Tesla Model S 2019
10 Mar 2025 17:37:51,707 TRACE ro.mpp2024.JdbcUtils 47 getConnection - Enter
10 Mar 2025 17:37:51,707 TRACE ro.mpp2024.JdbcUtils 24 getNewConnection - Enter
10 Mar 2025 17:37:51,707 INFO  ro.mpp2024.JdbcUtils 29 getNewConnection - trying to connect to database ... null
10 Mar 2025 17:37:51,708 INFO  ro.mpp2024.JdbcUtils 30 getNewConnection - user: null
10 Mar 2025 17:37:51,708 INFO  ro.mpp2024.JdbcUtils 31 getNewConnection - pass: null
10 Mar 2025 17:37:51,710 ERROR ro.mpp2024.JdbcUtils 40 getNewConnection - java.sql.SQLException: The url cannot be null
10 Mar 2025 17:37:51,710 TRACE ro.mpp2024.JdbcUtils 56 getConnection - Exit
10 Mar 2025 17:41:12,610 INFO  ro.mpp2024.CarsDBRepository 18 <init> - Initializing CarsDBRepository with properties: {} 
10 Mar 2025 17:41:12,619 TRACE ro.mpp2024.CarsDBRepository 76 add - Enter Adding a car Id=0 Tesla Model S 2019
10 Mar 2025 17:41:12,619 TRACE ro.mpp2024.JdbcUtils 47 getConnection - Enter
10 Mar 2025 17:41:12,620 TRACE ro.mpp2024.JdbcUtils 24 getNewConnection - Enter
10 Mar 2025 17:41:12,620 INFO  ro.mpp2024.JdbcUtils 29 getNewConnection - trying to connect to database ... null
10 Mar 2025 17:41:12,620 INFO  ro.mpp2024.JdbcUtils 30 getNewConnection - user: null
10 Mar 2025 17:41:12,620 INFO  ro.mpp2024.JdbcUtils 31 getNewConnection - pass: null
10 Mar 2025 17:41:12,621 ERROR ro.mpp2024.JdbcUtils 40 getNewConnection - java.sql.SQLException: The url cannot be null
10 Mar 2025 17:41:12,622 TRACE ro.mpp2024.JdbcUtils 56 getConnection - Exit
10 Mar 2025 17:42:56,897 INFO  ro.mpp2024.CarsDBRepository 18 <init> - Initializing CarsDBRepository with properties: {} 
10 Mar 2025 17:42:56,905 TRACE ro.mpp2024.CarsDBRepository 76 add - Enter Adding a car Id=0 Tesla Model S 2019
10 Mar 2025 17:42:56,906 TRACE ro.mpp2024.JdbcUtils 47 getConnection - Enter
10 Mar 2025 17:42:56,906 TRACE ro.mpp2024.JdbcUtils 24 getNewConnection - Enter
10 Mar 2025 17:42:56,906 INFO  ro.mpp2024.JdbcUtils 29 getNewConnection - trying to connect to database ... null
10 Mar 2025 17:42:56,906 INFO  ro.mpp2024.JdbcUtils 30 getNewConnection - user: null
10 Mar 2025 17:42:56,906 INFO  ro.mpp2024.JdbcUtils 31 getNewConnection - pass: null
10 Mar 2025 17:42:56,907 ERROR ro.mpp2024.JdbcUtils 40 getNewConnection - java.sql.SQLException: The url cannot be null
10 Mar 2025 17:42:56,908 TRACE ro.mpp2024.JdbcUtils 56 getConnection - Exit
10 Mar 2025 17:44:01,611 INFO  ro.mpp2024.CarsDBRepository 18 <init> - Initializing CarsDBRepository with properties: {jdbc.url=jdbc:sqlite:C:\Users\ungur\OneDrive\Desktop\facultate_materiale\AN_2\SEM_2\mpp\activitate lab\tema1\act_lab3\cars.db} 
10 Mar 2025 17:44:01,620 TRACE ro.mpp2024.CarsDBRepository 76 add - Enter Adding a car Id=0 Tesla Model S 2019
10 Mar 2025 17:44:01,620 TRACE ro.mpp2024.JdbcUtils 47 getConnection - Enter
10 Mar 2025 17:44:01,620 TRACE ro.mpp2024.JdbcUtils 24 getNewConnection - Enter
10 Mar 2025 17:44:01,620 INFO  ro.mpp2024.JdbcUtils 29 getNewConnection - trying to connect to database ... jdbc:sqlite:C:\Users\ungur\OneDrive\Desktop\facultate_materiale\AN_2\SEM_2\mpp\activitate lab\tema1\act_lab3\cars.db
10 Mar 2025 17:44:01,621 INFO  ro.mpp2024.JdbcUtils 30 getNewConnection - user: null
10 Mar 2025 17:44:01,621 INFO  ro.mpp2024.JdbcUtils 31 getNewConnection - pass: null
10 Mar 2025 17:44:02,024 TRACE ro.mpp2024.JdbcUtils 56 getConnection - Exit with(org.sqlite.jdbc4.JDBC4Connection@7e5afaa6)
10 Mar 2025 17:44:02,038 TRACE ro.mpp2024.CarsDBRepository 87 add - Exit
10 Mar 2025 17:44:02,038 TRACE ro.mpp2024.CarsDBRepository 109 findAll - Enter
10 Mar 2025 17:44:02,038 TRACE ro.mpp2024.JdbcUtils 47 getConnection - Enter
10 Mar 2025 17:44:02,039 TRACE ro.mpp2024.JdbcUtils 56 getConnection - Exit with(org.sqlite.jdbc4.JDBC4Connection@7e5afaa6)
10 Mar 2025 17:44:02,041 TRACE ro.mpp2024.CarsDBRepository 128 findAll - Exit with([Id=1 Dacia Sandero 2019, Id=2 Skoda Octavia 2020, Id=3 Tesla Model S 2019])
10 Mar 2025 17:44:02,041 TRACE ro.mpp2024.CarsDBRepository 24 findByManufacturer - Enter Cars selected by manufacturer: Tesla
10 Mar 2025 17:44:02,042 TRACE ro.mpp2024.JdbcUtils 47 getConnection - Enter
10 Mar 2025 17:44:02,042 TRACE ro.mpp2024.JdbcUtils 56 getConnection - Exit with(org.sqlite.jdbc4.JDBC4Connection@7e5afaa6)
10 Mar 2025 17:44:02,042 TRACE ro.mpp2024.CarsDBRepository 44 findByManufacturer - Exit with([Id=3 Tesla Model S 2019])
10 Mar 2025 17:44:02,042 TRACE ro.mpp2024.CarsDBRepository 92 update - Enter Updating car with ID: 3
10 Mar 2025 17:44:02,043 TRACE ro.mpp2024.JdbcUtils 47 getConnection - Enter
10 Mar 2025 17:44:02,043 TRACE ro.mpp2024.JdbcUtils 56 getConnection - Exit with(org.sqlite.jdbc4.JDBC4Connection@7e5afaa6)
10 Mar 2025 17:44:02,049 TRACE ro.mpp2024.CarsDBRepository 104 update - Exit
10 Mar 2025 17:44:02,050 TRACE ro.mpp2024.CarsDBRepository 109 findAll - Enter
10 Mar 2025 17:44:02,050 TRACE ro.mpp2024.JdbcUtils 47 getConnection - Enter
10 Mar 2025 17:44:02,050 TRACE ro.mpp2024.JdbcUtils 56 getConnection - Exit with(org.sqlite.jdbc4.JDBC4Connection@7e5afaa6)
10 Mar 2025 17:44:02,051 TRACE ro.mpp2024.CarsDBRepository 128 findAll - Exit with([Id=1 Dacia Sandero 2019, Id=2 Skoda Octavia 2020, Id=3 Nissan nou 2018])
10 Mar 2025 17:44:10,930 INFO  ro.mpp2024.CarsDBRepository 18 <init> - Initializing CarsDBRepository with properties: {jdbc.url=jdbc:sqlite:C:\Users\ungur\OneDrive\Desktop\facultate_materiale\AN_2\SEM_2\mpp\activitate lab\tema1\act_lab3\cars.db} 
10 Mar 2025 17:44:10,938 TRACE ro.mpp2024.CarsDBRepository 76 add - Enter Adding a car Id=0 Tesla Model S 2019
10 Mar 2025 17:44:10,939 TRACE ro.mpp2024.JdbcUtils 47 getConnection - Enter
10 Mar 2025 17:44:10,939 TRACE ro.mpp2024.JdbcUtils 24 getNewConnection - Enter
10 Mar 2025 17:44:10,939 INFO  ro.mpp2024.JdbcUtils 29 getNewConnection - trying to connect to database ... jdbc:sqlite:C:\Users\ungur\OneDrive\Desktop\facultate_materiale\AN_2\SEM_2\mpp\activitate lab\tema1\act_lab3\cars.db
10 Mar 2025 17:44:10,939 INFO  ro.mpp2024.JdbcUtils 30 getNewConnection - user: null
10 Mar 2025 17:44:10,940 INFO  ro.mpp2024.JdbcUtils 31 getNewConnection - pass: null
10 Mar 2025 17:44:11,208 TRACE ro.mpp2024.JdbcUtils 56 getConnection - Exit with(org.sqlite.jdbc4.JDBC4Connection@7e5afaa6)
10 Mar 2025 17:44:11,220 TRACE ro.mpp2024.CarsDBRepository 87 add - Exit
10 Mar 2025 17:44:11,220 TRACE ro.mpp2024.CarsDBRepository 109 findAll - Enter
10 Mar 2025 17:44:11,221 TRACE ro.mpp2024.JdbcUtils 47 getConnection - Enter
10 Mar 2025 17:44:11,221 TRACE ro.mpp2024.JdbcUtils 56 getConnection - Exit with(org.sqlite.jdbc4.JDBC4Connection@7e5afaa6)
10 Mar 2025 17:44:11,223 TRACE ro.mpp2024.CarsDBRepository 128 findAll - Exit with([Id=1 Dacia Sandero 2019, Id=2 Skoda Octavia 2020, Id=3 Nissan nou 2018, Id=4 Tesla Model S 2019])
10 Mar 2025 17:44:11,224 TRACE ro.mpp2024.CarsDBRepository 24 findByManufacturer - Enter Cars selected by manufacturer: Tesla
10 Mar 2025 17:44:11,224 TRACE ro.mpp2024.JdbcUtils 47 getConnection - Enter
10 Mar 2025 17:44:11,224 TRACE ro.mpp2024.JdbcUtils 56 getConnection - Exit with(org.sqlite.jdbc4.JDBC4Connection@7e5afaa6)
10 Mar 2025 17:44:11,224 TRACE ro.mpp2024.CarsDBRepository 44 findByManufacturer - Exit with([Id=4 Tesla Model S 2019])
10 Mar 2025 17:44:11,225 TRACE ro.mpp2024.CarsDBRepository 92 update - Enter Updating car with ID: 3
10 Mar 2025 17:44:11,225 TRACE ro.mpp2024.JdbcUtils 47 getConnection - Enter
10 Mar 2025 17:44:11,225 TRACE ro.mpp2024.JdbcUtils 56 getConnection - Exit with(org.sqlite.jdbc4.JDBC4Connection@7e5afaa6)
10 Mar 2025 17:44:11,226 TRACE ro.mpp2024.CarsDBRepository 104 update - Exit
10 Mar 2025 17:44:11,226 TRACE ro.mpp2024.CarsDBRepository 109 findAll - Enter
10 Mar 2025 17:44:11,226 TRACE ro.mpp2024.JdbcUtils 47 getConnection - Enter
10 Mar 2025 17:44:11,226 TRACE ro.mpp2024.JdbcUtils 56 getConnection - Exit with(org.sqlite.jdbc4.JDBC4Connection@7e5afaa6)
10 Mar 2025 17:44:11,227 TRACE ro.mpp2024.CarsDBRepository 128 findAll - Exit with([Id=1 Dacia Sandero 2019, Id=2 Skoda Octavia 2020, Id=3 Nissan nou 2018, Id=4 Tesla Model S 2019])
10 Mar 2025 18:30:36,614 INFO  ro.mpp2024.CarsDBRepository 18 <init> - Initializing CarsDBRepository with properties: {} 
10 Mar 2025 18:30:36,622 TRACE ro.mpp2024.CarsDBRepository 76 add - Enter Adding a car Id=0 Tesla Model S 2019
10 Mar 2025 18:30:36,622 TRACE ro.mpp2024.JdbcUtils 47 getConnection - Enter
10 Mar 2025 18:30:36,622 TRACE ro.mpp2024.JdbcUtils 24 getNewConnection - Enter
10 Mar 2025 18:30:36,623 INFO  ro.mpp2024.JdbcUtils 29 getNewConnection - trying to connect to database ... null
10 Mar 2025 18:30:36,623 INFO  ro.mpp2024.JdbcUtils 30 getNewConnection - user: null
10 Mar 2025 18:30:36,623 INFO  ro.mpp2024.JdbcUtils 31 getNewConnection - pass: null
10 Mar 2025 18:30:36,624 ERROR ro.mpp2024.JdbcUtils 40 getNewConnection - java.sql.SQLException: The url cannot be null
10 Mar 2025 18:30:36,625 TRACE ro.mpp2024.JdbcUtils 56 getConnection - Exit
10 Mar 2025 18:30:46,156 INFO  ro.mpp2024.CarsDBRepository 18 <init> - Initializing CarsDBRepository with properties: {} 
10 Mar 2025 18:30:46,165 TRACE ro.mpp2024.CarsDBRepository 76 add - Enter Adding a car Id=0 Tesla Model S 2019
10 Mar 2025 18:30:46,165 TRACE ro.mpp2024.JdbcUtils 47 getConnection - Enter
10 Mar 2025 18:30:46,166 TRACE ro.mpp2024.JdbcUtils 24 getNewConnection - Enter
10 Mar 2025 18:30:46,166 INFO  ro.mpp2024.JdbcUtils 29 getNewConnection - trying to connect to database ... null
10 Mar 2025 18:30:46,166 INFO  ro.mpp2024.JdbcUtils 30 getNewConnection - user: null
10 Mar 2025 18:30:46,166 INFO  ro.mpp2024.JdbcUtils 31 getNewConnection - pass: null
10 Mar 2025 18:30:46,167 ERROR ro.mpp2024.JdbcUtils 40 getNewConnection - java.sql.SQLException: The url cannot be null
10 Mar 2025 18:30:46,168 TRACE ro.mpp2024.JdbcUtils 56 getConnection - Exit
